[DEBUG] 2025-02-19 15:39:07.594 [main] PageObjectModelTest3Log4j - Navigate to site https://www.saucedemo.com/
[DEBUG] 2025-02-19 15:39:07.676 [main] PageObjectModelTest3Log4j - ********** Starting testLogin **********
[INFO ] 2025-02-19 15:39:07.889 [main] PageObjectModelTest3Log4j - User logger in successfully
[INFO ] 2025-02-19 15:39:07.890 [main] PageObjectModelTest3Log4j - {user=standard_user, password=secret_sauce}
[DEBUG] 2025-02-19 15:39:08.012 [main] PageObjectModelTest3Log4j - ********** Starting testAddBackpackToCart **********
[INFO ] 2025-02-19 15:39:08.177 [main] PageObjectModelTest3Log4j - Added Sauce Labs Backpack to cart
[INFO ] 2025-02-19 15:39:08.189 [main] PageObjectModelTest3Log4j - Navigated back to the products page after adding product
[DEBUG] 2025-02-19 15:39:08.200 [main] PageObjectModelTest3Log4j - ********** Starting testAddFleeceJacketToCart **********
[INFO ] 2025-02-19 15:39:08.331 [main] PageObjectModelTest3Log4j - Added Sauce Labs Fleece Jacket to cart
[INFO ] 2025-02-19 15:39:08.342 [main] PageObjectModelTest3Log4j - Navigated back to the products page after adding the second product
[DEBUG] 2025-02-19 15:39:08.351 [main] PageObjectModelTest3Log4j - ********** Starting testCart **********
[INFO ] 2025-02-19 15:39:08.470 [main] PageObjectModelTest3Log4j - Validated items in cart
[DEBUG] 2025-02-19 15:39:08.475 [main] PageObjectModelTest3Log4j - ********** Starting testCheckout **********
[INFO ] 2025-02-19 15:39:08.717 [main] PageObjectModelTest3Log4j - Completed first checkout page
[DEBUG] 2025-02-19 15:39:08.723 [main] PageObjectModelTest3Log4j - ********** Starting testFinalCheckout **********
[INFO ] 2025-02-19 15:39:08.833 [main] PageObjectModelTest3Log4j - Second checkout page
[DEBUG] 2025-02-19 15:39:08.839 [main] PageObjectModelTest3Log4j - ********** Starting testOrderCompletion **********
[INFO ] 2025-02-19 15:39:08.918 [main] PageObjectModelTest3Log4j - Completed order
[DEBUG] 2025-02-19 15:39:23.301 [main] PageObjectModelTest3Log4j - Navigate to site https://www.saucedemo.com/
[DEBUG] 2025-02-19 15:39:23.357 [main] PageObjectModelTest3Log4j - ********** Starting testLogin **********
[INFO ] 2025-02-19 15:39:23.564 [main] PageObjectModelTest3Log4j - User logger in successfully
[INFO ] 2025-02-19 15:39:23.566 [main] PageObjectModelTest3Log4j - {user=standard_user, password=secret_sauce}
[DEBUG] 2025-02-19 15:39:23.675 [main] PageObjectModelTest3Log4j - ********** Starting testAddBackpackToCart **********
[INFO ] 2025-02-19 15:39:23.832 [main] PageObjectModelTest3Log4j - Added Sauce Labs Backpack to cart
[INFO ] 2025-02-19 15:39:23.845 [main] PageObjectModelTest3Log4j - Navigated back to the products page after adding product
[DEBUG] 2025-02-19 15:39:23.854 [main] PageObjectModelTest3Log4j - ********** Starting testAddFleeceJacketToCart **********
[INFO ] 2025-02-19 15:39:23.976 [main] PageObjectModelTest3Log4j - Added Sauce Labs Fleece Jacket to cart
[INFO ] 2025-02-19 15:39:23.989 [main] PageObjectModelTest3Log4j - Navigated back to the products page after adding the second product
[DEBUG] 2025-02-19 15:39:23.997 [main] PageObjectModelTest3Log4j - ********** Starting testCart **********
[INFO ] 2025-02-19 15:39:24.118 [main] PageObjectModelTest3Log4j - Validated items in cart
[DEBUG] 2025-02-19 15:39:24.124 [main] PageObjectModelTest3Log4j - ********** Starting testCheckout **********
[INFO ] 2025-02-19 15:39:24.364 [main] PageObjectModelTest3Log4j - Completed first checkout page
[DEBUG] 2025-02-19 15:39:24.369 [main] PageObjectModelTest3Log4j - ********** Starting testFinalCheckout **********
[INFO ] 2025-02-19 15:39:24.488 [main] PageObjectModelTest3Log4j - Second checkout page
[DEBUG] 2025-02-19 15:39:24.494 [main] PageObjectModelTest3Log4j - ********** Starting testOrderCompletion **********
[INFO ] 2025-02-19 15:39:24.581 [main] PageObjectModelTest3Log4j - Completed order
[DEBUG] 2025-02-19 15:39:44.417 [main] PageObjectModelTest3Log4j - Navigate to site https://www.saucedemo.com/
[DEBUG] 2025-02-19 15:39:44.479 [main] PageObjectModelTest3Log4j - ********** Starting testLogin **********
[INFO ] 2025-02-19 15:39:44.739 [main] PageObjectModelTest3Log4j - User logger in successfully
[INFO ] 2025-02-19 15:39:44.740 [main] PageObjectModelTest3Log4j - {password=secret_sauce, user=standard_user}
[DEBUG] 2025-02-19 15:39:44.859 [main] PageObjectModelTest3Log4j - ********** Starting testAddBackpackToCart **********
[INFO ] 2025-02-19 15:39:45.002 [main] PageObjectModelTest3Log4j - Added Sauce Labs Backpack to cart
[INFO ] 2025-02-19 15:39:45.015 [main] PageObjectModelTest3Log4j - Navigated back to the products page after adding product
[DEBUG] 2025-02-19 15:39:45.021 [main] PageObjectModelTest3Log4j - ********** Starting testAddFleeceJacketToCart **********
[INFO ] 2025-02-19 15:39:45.149 [main] PageObjectModelTest3Log4j - Added Sauce Labs Fleece Jacket to cart
[INFO ] 2025-02-19 15:39:45.161 [main] PageObjectModelTest3Log4j - Navigated back to the products page after adding the second product
[DEBUG] 2025-02-19 15:39:45.169 [main] PageObjectModelTest3Log4j - ********** Starting testCart **********
[INFO ] 2025-02-19 15:39:45.295 [main] PageObjectModelTest3Log4j - Validated items in cart
[DEBUG] 2025-02-19 15:39:45.300 [main] PageObjectModelTest3Log4j - ********** Starting testCheckout **********
[INFO ] 2025-02-19 15:39:45.527 [main] PageObjectModelTest3Log4j - Completed first checkout page
[DEBUG] 2025-02-19 15:39:45.532 [main] PageObjectModelTest3Log4j - ********** Starting testFinalCheckout **********
[INFO ] 2025-02-19 15:39:45.627 [main] PageObjectModelTest3Log4j - Second checkout page
[DEBUG] 2025-02-19 15:39:45.630 [main] PageObjectModelTest3Log4j - ********** Starting testOrderCompletion **********
[INFO ] 2025-02-19 15:39:45.700 [main] PageObjectModelTest3Log4j - Completed order
[DEBUG] 2025-02-19 15:39:58.834 [main] PageObjectModelTest3Log4j - Navigate to site https://www.saucedemo.com/
[DEBUG] 2025-02-19 15:39:58.884 [main] PageObjectModelTest3Log4j - ********** Starting testLogin **********
[INFO ] 2025-02-19 15:39:59.101 [main] PageObjectModelTest3Log4j - User logger in successfully
[INFO ] 2025-02-19 15:39:59.102 [main] PageObjectModelTest3Log4j - {user=standard_user, password=secret_sauce}
[DEBUG] 2025-02-19 15:39:59.242 [main] PageObjectModelTest3Log4j - ********** Starting testAddBackpackToCart **********
[INFO ] 2025-02-19 15:39:59.390 [main] PageObjectModelTest3Log4j - Added Sauce Labs Backpack to cart
[INFO ] 2025-02-19 15:39:59.402 [main] PageObjectModelTest3Log4j - Navigated back to the products page after adding product
[DEBUG] 2025-02-19 15:39:59.411 [main] PageObjectModelTest3Log4j - ********** Starting testAddFleeceJacketToCart **********
[INFO ] 2025-02-19 15:39:59.540 [main] PageObjectModelTest3Log4j - Added Sauce Labs Fleece Jacket to cart
[INFO ] 2025-02-19 15:39:59.549 [main] PageObjectModelTest3Log4j - Navigated back to the products page after adding the second product
[DEBUG] 2025-02-19 15:39:59.555 [main] PageObjectModelTest3Log4j - ********** Starting testCart **********
[INFO ] 2025-02-19 15:39:59.677 [main] PageObjectModelTest3Log4j - Validated items in cart
[DEBUG] 2025-02-19 15:39:59.683 [main] PageObjectModelTest3Log4j - ********** Starting testCheckout **********
[INFO ] 2025-02-19 15:39:59.940 [main] PageObjectModelTest3Log4j - Completed first checkout page
[DEBUG] 2025-02-19 15:39:59.945 [main] PageObjectModelTest3Log4j - ********** Starting testFinalCheckout **********
